==================================================
2026-02-09 01:14:10
==================================================
File 'laerkevej_events.ics' has been deleted successfully.
🗑️ - Sucessfully retrieved trash data from api!
🗑️ - Fandt 9 tømninger der tilføjes nu
==================================================
'laerkevej_events.ics' sucessfully generated!
==================================================
2026-02-09 01:16:54
==================================================
File 'laerkevej_events.ics' has been deleted successfully.
🗑️ - Sucessfully retrieved trash data from api!
🗑️ - Fandt 9 tømninger der tilføjes nu
==================================================
'laerkevej_events.ics' sucessfully generated!
==================================================
2026-02-09 01:24:54
==================================================
File 'laerkevej_events.ics' has been deleted successfully.
🗑️ - Sucessfully retrieved trash data from api!
🗑️ - Fandt 9 tømninger der tilføjes nu
==================================================
'laerkevej_events.ics' sucessfully generated!
==================================================
2026-02-09 06:00:04
==================================================
File 'laerkevej_events.ics' has been deleted successfully.
🗑️ - Sucessfully retrieved trash data from api!
🗑️ - Fandt 9 tømninger der tilføjes nu
==================================================
'laerkevej_events.ics' sucessfully generated!
==================================================
2026-02-10 06:00:04
==================================================
File 'laerkevej_events.ics' has been deleted successfully.
🗑️ - Sucessfully retrieved trash data from api!
🗑️ - Fandt 9 tømninger der tilføjes nu
==================================================
'laerkevej_events.ics' sucessfully generated!
==================================================
2026-02-11 06:00:04
==================================================
File 'laerkevej_events.ics' has been deleted successfully.
🗑️ - Sucessfully retrieved trash data from api!
🗑️ - Fandt 9 tømninger der tilføjes nu
==================================================
'laerkevej_events.ics' sucessfully generated!
==================================================
2026-02-12 06:00:04
==================================================
File 'laerkevej_events.ics' has been deleted successfully.
🗑️ - Sucessfully retrieved trash data from api!
🗑️ - Fandt 9 tømninger der tilføjes nu
==================================================
'laerkevej_events.ics' sucessfully generated!
==================================================
2026-02-13 06:00:04
==================================================
File 'laerkevej_events.ics' has been deleted successfully.
🗑️ - Fandt 0 tidligere tømninger der tilføjes nu
🗑️ - Sucessfully retrieved trash data from api!
No trash events added to history
🗑️ - Fandt 9 tømninger der tilføjes nu
==================================================
'laerkevej_events.ics' sucessfully generated!
==================================================
2026-02-14 06:00:04
==================================================
File 'laerkevej_events.ics' has been deleted successfully.
🗑️ - Fandt 0 tidligere tømninger der tilføjes nu
🗑️ - Sucessfully retrieved trash data from api!
No trash events added to history
🗑️ - Fandt 9 tømninger der tilføjes nu
==================================================
'laerkevej_events.ics' sucessfully generated!
==================================================
2026-02-15 06:00:04
==================================================
File 'laerkevej_events.ics' has been deleted successfully.
🗑️ - Fandt 0 tidligere tømninger der tilføjes nu
🗑️ - Sucessfully retrieved trash data from api!
No trash events added to history
🗑️ - Fandt 9 tømninger der tilføjes nu
==================================================
'laerkevej_events.ics' sucessfully generated!
==================================================
2026-02-16 06:00:04
==================================================
File 'laerkevej_events.ics' has been deleted successfully.
🗑️ - Fandt 0 tidligere tømninger der tilføjes nu
🗑️ - Sucessfully retrieved trash data from api!
No trash events added to history
🗑️ - Fandt 9 tømninger der tilføjes nu
==================================================
'laerkevej_events.ics' sucessfully generated!
==================================================
2026-02-17 06:00:04
==================================================
File 'laerkevej_events.ics' has been deleted successfully.
🗑️ - Fandt 0 tidligere tømninger der tilføjes nu
🗑️ - Sucessfully retrieved trash data from api!
No trash events added to history
🗑️ - Fandt 9 tømninger der tilføjes nu
==================================================
'laerkevej_events.ics' sucessfully generated!
==================================================
2026-02-18 06:00:04
==================================================
File 'laerkevej_events.ics' has been deleted successfully.
🗑️ - Fandt 0 tidligere tømninger der tilføjes nu
🗑️ - Sucessfully retrieved trash data from api!
No trash events added to history
🗑️ - Fandt 9 tømninger der tilføjes nu
==================================================
'laerkevej_events.ics' sucessfully generated!
==================================================
2026-02-19 06:00:04
==================================================
File 'laerkevej_events.ics' has been deleted successfully.
🗑️ - Fandt 0 tidligere tømninger der tilføjes nu
🗑️ - Sucessfully retrieved trash data from api!
No trash events added to history
🗑️ - Fandt 9 tømninger der tilføjes nu
==================================================
'laerkevej_events.ics' sucessfully generated!
==================================================
2026-02-20 06:00:04
==================================================
File 'laerkevej_events.ics' has been deleted successfully.
🗑️ - Fandt 0 tidligere tømninger der tilføjes nu
🗑️ - Sucessfully retrieved trash data from api!
🗑️ - Archived past event: 2026-02-20T00:00:00Z
Trash event(s) added to history
🗑️ - Fandt 9 tømninger der tilføjes nu
==================================================
'laerkevej_events.ics' sucessfully generated!
==================================================
2026-02-21 06:00:04
==================================================
File 'laerkevej_events.ics' has been deleted successfully.
🗑️ - Fandt 1 tidligere tømninger der tilføjes nu
🗑️ - Sucessfully retrieved trash data from api!
No trash events added to history
🗑️ - Fandt 10 tømninger der tilføjes nu
==================================================
'laerkevej_events.ics' sucessfully generated!
==================================================
2026-02-22 06:00:04
==================================================
File 'laerkevej_events.ics' has been deleted successfully.
🗑️ - Fandt 1 tidligere tømninger der tilføjes nu
🗑️ - Sucessfully retrieved trash data from api!
No trash events added to history
🗑️ - Fandt 10 tømninger der tilføjes nu
==================================================
'laerkevej_events.ics' sucessfully generated!
==================================================
2026-02-23 06:00:04
==================================================
File 'laerkevej_events.ics' has been deleted successfully.
🗑️ - Fandt 1 tidligere tømninger der tilføjes nu
🗑️ - Sucessfully retrieved trash data from api!
No trash events added to history
🗑️ - Fandt 10 tømninger der tilføjes nu
==================================================
'laerkevej_events.ics' sucessfully generated!
==================================================
2026-02-24 06:00:04
==================================================
File 'laerkevej_events.ics' has been deleted successfully.
🗑️ - Fandt 1 tidligere tømninger der tilføjes nu
🗑️ - Sucessfully retrieved trash data from api!
No trash events added to history
🗑️ - Fandt 10 tømninger der tilføjes nu
==================================================
'laerkevej_events.ics' sucessfully generated!
==================================================
2026-02-25 06:00:04
==================================================
File 'laerkevej_events.ics' has been deleted successfully.
🗑️ - Fandt 1 tidligere tømninger der tilføjes nu
🗑️ - Sucessfully retrieved trash data from api!
No trash events added to history
🗑️ - Fandt 10 tømninger der tilføjes nu
==================================================
'laerkevej_events.ics' sucessfully generated!
==================================================
2026-02-26 06:00:04
==================================================
File 'laerkevej_events.ics' has been deleted successfully.
🗑️ - Fandt 1 tidligere tømninger der tilføjes nu
🗑️ - Sucessfully retrieved trash data from api!
🗑️ - Archived past event: 2026-02-26T00:00:00Z
Trash event(s) added to history
🗑️ - Fandt 10 tømninger der tilføjes nu
==================================================
'laerkevej_events.ics' sucessfully generated!
==================================================
2026-02-27 06:00:04
==================================================
File 'laerkevej_events.ics' has been deleted successfully.
🗑️ - Fandt 2 tidligere tømninger der tilføjes nu
🗑️ - Sucessfully retrieved trash data from api!
No trash events added to history
🗑️ - Fandt 11 tømninger der tilføjes nu
==================================================
'laerkevej_events.ics' sucessfully generated!
==================================================
2026-02-28 06:00:03
==================================================
File 'laerkevej_events.ics' has been deleted successfully.
🗑️ - Fandt 2 tidligere tømninger der tilføjes nu
🗑️ - Sucessfully retrieved trash data from api!
No trash events added to history
🗑️ - Fandt 11 tømninger der tilføjes nu
==================================================
'laerkevej_events.ics' sucessfully generated!
==================================================
2026-03-01 06:00:04
==================================================
File 'laerkevej_events.ics' has been deleted successfully.
🗑️ - Fandt 2 tidligere tømninger der tilføjes nu
🗑️ - Sucessfully retrieved trash data from api!
No trash events added to history
🗑️ - Fandt 11 tømninger der tilføjes nu
==================================================
'laerkevej_events.ics' sucessfully generated!
==================================================
2026-03-02 06:00:04
==================================================
File 'laerkevej_events.ics' has been deleted successfully.
🗑️ - Fandt 2 tidligere tømninger der tilføjes nu
🗑️ - Sucessfully retrieved trash data from api!
No trash events added to history
🗑️ - Fandt 11 tømninger der tilføjes nu
==================================================
'laerkevej_events.ics' sucessfully generated!
==================================================
2026-03-03 06:00:03
==================================================
File 'laerkevej_events.ics' has been deleted successfully.
🗑️ - Fandt 2 tidligere tømninger der tilføjes nu
🗑️ - Sucessfully retrieved trash data from api!
No trash events added to history
🗑️ - Fandt 11 tømninger der tilføjes nu
==================================================
'laerkevej_events.ics' sucessfully generated!
==================================================
2026-03-04 06:00:03
==================================================
File 'laerkevej_events.ics' has been deleted successfully.
🗑️ - Fandt 2 tidligere tømninger der tilføjes nu
🗑️ - Sucessfully retrieved trash data from api!
🗑️ - Archived past event: 2026-03-04T00:00:00Z
Trash event(s) added to history
🗑️ - Fandt 11 tømninger der tilføjes nu
==================================================
'laerkevej_events.ics' sucessfully generated!
==================================================
2026-03-05 06:00:03
==================================================
File 'laerkevej_events.ics' has been deleted successfully.
🗑️ - Fandt 3 tidligere tømninger der tilføjes nu
🗑️ - Sucessfully retrieved trash data from api!
No trash events added to history
🗑️ - Fandt 12 tømninger der tilføjes nu
==================================================
'laerkevej_events.ics' sucessfully generated!
==================================================
2026-03-06 06:00:04
==================================================
File 'laerkevej_events.ics' has been deleted successfully.
🗑️ - Fandt 3 tidligere tømninger der tilføjes nu
🗑️ - Sucessfully retrieved trash data from api!
No trash events added to history
🗑️ - Fandt 12 tømninger der tilføjes nu
==================================================
'laerkevej_events.ics' sucessfully generated!
==================================================
2026-03-07 06:00:03
==================================================
File 'laerkevej_events.ics' has been deleted successfully.
🗑️ - Fandt 3 tidligere tømninger der tilføjes nu
🗑️ - Sucessfully retrieved trash data from api!
No trash events added to history
🗑️ - Fandt 12 tømninger der tilføjes nu
==================================================
'laerkevej_events.ics' sucessfully generated!
==================================================
2026-03-09 06:00:06
==================================================
File 'laerkevej_events.ics' has been deleted successfully.
🗑️ - Fandt 3 tidligere tømninger der tilføjes nu
🗑️ - Sucessfully retrieved trash data from api!
No trash events added to history
🗑️ - Fandt 12 tømninger der tilføjes nu
==================================================
'laerkevej_events.ics' sucessfully generated!
==================================================
2026-03-10 06:00:04
==================================================
File 'laerkevej_events.ics' has been deleted successfully.
🗑️ - Fandt 3 tidligere tømninger der tilføjes nu
🗑️ - Sucessfully retrieved trash data from api!
No trash events added to history
🗑️ - Fandt 12 tømninger der tilføjes nu
==================================================
'laerkevej_events.ics' sucessfully generated!
==================================================
2026-03-11 06:00:03
==================================================
File 'laerkevej_events.ics' has been deleted successfully.
🗑️ - Fandt 3 tidligere tømninger der tilføjes nu
🗑️ - Sucessfully retrieved trash data from api!
No trash events added to history
🗑️ - Fandt 12 tømninger der tilføjes nu
==================================================
'laerkevej_events.ics' sucessfully generated!
==================================================
2026-03-12 06:00:04
==================================================
File 'laerkevej_events.ics' has been deleted successfully.
🗑️ - Fandt 3 tidligere tømninger der tilføjes nu
🗑️ - Sucessfully retrieved trash data from api!
🗑️ - Archived past event: 2026-03-12T00:00:00Z
Trash event(s) added to history
🗑️ - Fandt 12 tømninger der tilføjes nu
==================================================
'laerkevej_events.ics' sucessfully generated!
==================================================
2026-03-13 06:00:04
==================================================
File 'laerkevej_events.ics' has been deleted successfully.
🗑️ - Fandt 4 tidligere tømninger der tilføjes nu
🗑️ - Sucessfully retrieved trash data from api!
No trash events added to history
🗑️ - Fandt 13 tømninger der tilføjes nu
==================================================
'laerkevej_events.ics' sucessfully generated!
==================================================
2026-03-14 06:00:03
==================================================
File 'laerkevej_events.ics' has been deleted successfully.
🗑️ - Fandt 4 tidligere tømninger der tilføjes nu
🗑️ - Sucessfully retrieved trash data from api!
No trash events added to history
🗑️ - Fandt 13 tømninger der tilføjes nu
==================================================
'laerkevej_events.ics' sucessfully generated!
==================================================
2026-03-15 06:00:04
==================================================
File 'laerkevej_events.ics' has been deleted successfully.
🗑️ - Fandt 4 tidligere tømninger der tilføjes nu
🗑️ - Sucessfully retrieved trash data from api!
No trash events added to history
🗑️ - Fandt 13 tømninger der tilføjes nu
==================================================
'laerkevej_events.ics' sucessfully generated!
==================================================
2026-03-16 06:00:04
==================================================
File 'laerkevej_events.ics' has been deleted successfully.
🗑️ - Fandt 4 tidligere tømninger der tilføjes nu
🗑️ - Sucessfully retrieved trash data from api!
No trash events added to history
🗑️ - Fandt 13 tømninger der tilføjes nu
==================================================
'laerkevej_events.ics' sucessfully generated!
==================================================
2026-03-17 06:00:04
==================================================
File 'laerkevej_events.ics' has been deleted successfully.
🗑️ - Fandt 4 tidligere tømninger der tilføjes nu
🗑️ - Sucessfully retrieved trash data from api!
No trash events added to history
🗑️ - Fandt 13 tømninger der tilføjes nu
==================================================
'laerkevej_events.ics' sucessfully generated!
==================================================
2026-03-18 06:00:04
==================================================
File 'laerkevej_events.ics' has been deleted successfully.
🗑️ - Fandt 4 tidligere tømninger der tilføjes nu
🗑️ - Sucessfully retrieved trash data from api!
No trash events added to history
🗑️ - Fandt 13 tømninger der tilføjes nu
==================================================
'laerkevej_events.ics' sucessfully generated!
==================================================
2026-03-19 06:00:04
==================================================
File 'laerkevej_events.ics' has been deleted successfully.
🗑️ - Fandt 4 tidligere tømninger der tilføjes nu
🗑️ - Sucessfully retrieved trash data from api!
No trash events added to history
🗑️ - Fandt 13 tømninger der tilføjes nu
==================================================
'laerkevej_events.ics' sucessfully generated!
==================================================
2026-03-20 06:00:04
==================================================
File 'laerkevej_events.ics' has been deleted successfully.
🗑️ - Fandt 4 tidligere tømninger der tilføjes nu
🗑️ - Sucessfully retrieved trash data from api!
No trash events added to history
🗑️ - Fandt 13 tømninger der tilføjes nu
==================================================
'laerkevej_events.ics' sucessfully generated!
==================================================
2026-03-21 06:00:04
==================================================
File 'laerkevej_events.ics' has been deleted successfully.
🗑️ - Fandt 4 tidligere tømninger der tilføjes nu
🗑️ - Sucessfully retrieved trash data from api!
No trash events added to history
🗑️ - Fandt 13 tømninger der tilføjes nu
==================================================
'laerkevej_events.ics' sucessfully generated!
==================================================
2026-03-22 06:00:04
==================================================
File 'laerkevej_events.ics' has been deleted successfully.
🗑️ - Fandt 4 tidligere tømninger der tilføjes nu
🗑️ - Sucessfully retrieved trash data from api!
No trash events added to history
🗑️ - Fandt 13 tømninger der tilføjes nu
==================================================
'laerkevej_events.ics' sucessfully generated!
==================================================
2026-03-23 06:00:05
==================================================
File 'laerkevej_events.ics' has been deleted successfully.
🗑️ - Fandt 4 tidligere tømninger der tilføjes nu
🗑️ - Sucessfully retrieved trash data from api!
No trash events added to history
🗑️ - Fandt 13 tømninger der tilføjes nu
==================================================
'laerkevej_events.ics' sucessfully generated!
==================================================
2026-03-24 06:00:04
==================================================
File 'laerkevej_events.ics' has been deleted successfully.
🗑️ - Fandt 4 tidligere tømninger der tilføjes nu
🗑️ - Sucessfully retrieved trash data from api!
No trash events added to history
🗑️ - Fandt 13 tømninger der tilføjes nu
==================================================
'laerkevej_events.ics' sucessfully generated!
==================================================
2026-03-25 06:00:04
==================================================
File 'laerkevej_events.ics' has been deleted successfully.
🗑️ - Fandt 4 tidligere tømninger der tilføjes nu
🗑️ - Sucessfully retrieved trash data from api!
🗑️ - Archived past event: 2026-03-25T00:00:00Z
Trash event(s) added to history
🗑️ - Fandt 13 tømninger der tilføjes nu
==================================================
'laerkevej_events.ics' sucessfully generated!
==================================================
2026-03-26 06:00:04
==================================================
File 'laerkevej_events.ics' has been deleted successfully.
🗑️ - Fandt 5 tidligere tømninger der tilføjes nu
🗑️ - Sucessfully retrieved trash data from api!
🗑️ - Archived past event: 2026-03-26T00:00:00Z
Trash event(s) added to history
🗑️ - Fandt 14 tømninger der tilføjes nu
==================================================
'laerkevej_events.ics' sucessfully generated!
==================================================
2026-03-27 06:00:04
==================================================
File 'laerkevej_events.ics' has been deleted successfully.
🗑️ - Fandt 6 tidligere tømninger der tilføjes nu
🗑️ - Sucessfully retrieved trash data from api!
No trash events added to history
🗑️ - Fandt 15 tømninger der tilføjes nu
==================================================
'laerkevej_events.ics' sucessfully generated!
==================================================
2026-03-28 06:00:04
==================================================
File 'laerkevej_events.ics' has been deleted successfully.
🗑️ - Fandt 6 tidligere tømninger der tilføjes nu
🗑️ - Sucessfully retrieved trash data from api!
No trash events added to history
🗑️ - Fandt 15 tømninger der tilføjes nu
==================================================
'laerkevej_events.ics' sucessfully generated!
==================================================
2026-03-29 06:00:04
==================================================
File 'laerkevej_events.ics' has been deleted successfully.
🗑️ - Fandt 6 tidligere tømninger der tilføjes nu
🗑️ - Sucessfully retrieved trash data from api!
No trash events added to history
🗑️ - Fandt 15 tømninger der tilføjes nu
==================================================
'laerkevej_events.ics' sucessfully generated!
==================================================
2026-03-30 06:00:04
==================================================
File 'laerkevej_events.ics' has been deleted successfully.
🗑️ - Fandt 6 tidligere tømninger der tilføjes nu
🗑️ - Sucessfully retrieved trash data from api!
No trash events added to history
🗑️ - Fandt 15 tømninger der tilføjes nu
==================================================
'laerkevej_events.ics' sucessfully generated!
==================================================
2026-03-31 06:00:04
==================================================
File 'laerkevej_events.ics' has been deleted successfully.
🗑️ - Fandt 6 tidligere tømninger der tilføjes nu
🗑️ - Sucessfully retrieved trash data from api!
No trash events added to history
🗑️ - Fandt 15 tømninger der tilføjes nu
==================================================
'laerkevej_events.ics' sucessfully generated!
==================================================
2026-04-01 06:00:04
==================================================
File 'laerkevej_events.ics' has been deleted successfully.
🗑️ - Fandt 6 tidligere tømninger der tilføjes nu
🗑️ - Sucessfully retrieved trash data from api!
No trash events added to history
🗑️ - Fandt 15 tømninger der tilføjes nu
==================================================
'laerkevej_events.ics' sucessfully generated!
==================================================
2026-04-02 06:00:04
==================================================
File 'laerkevej_events.ics' has been deleted successfully.
🗑️ - Fandt 6 tidligere tømninger der tilføjes nu
🗑️ - Sucessfully retrieved trash data from api!
No trash events added to history
🗑️ - Fandt 15 tømninger der tilføjes nu
==================================================
'laerkevej_events.ics' sucessfully generated!
